{"D:\\Documents\\Projects\\propertyApi\\propertyapi\\app.js": {"path":"D:\\Documents\\Projects\\propertyApi\\propertyapi\\app.js","statementMap":{"0":{"start":{"line":2,"column":14},"end":{"line":2,"column":32}},"1":{"start":{"line":3,"column":11},"end":{"line":3,"column":26}},"2":{"start":{"line":4,"column":19},"end":{"line":4,"column":43}},"3":{"start":{"line":5,"column":13},"end":{"line":5,"column":30}},"4":{"start":{"line":7,"column":23},"end":{"line":7,"column":53}},"5":{"start":{"line":9,"column":10},"end":{"line":9,"column":19}},"6":{"start":{"line":11,"column":0},"end":{"line":11,"column":23}},"7":{"start":{"line":12,"column":0},"end":{"line":12,"column":24}},"8":{"start":{"line":13,"column":0},"end":{"line":13,"column":49}},"9":{"start":{"line":14,"column":0},"end":{"line":14,"column":24}},"10":{"start":{"line":15,"column":0},"end":{"line":15,"column":56}},"11":{"start":{"line":17,"column":0},"end":{"line":17,"column":41}},"12":{"start":{"line":22,"column":0},"end":{"line":22,"column":21}}},"fnMap":{},"branchMap":{},"s":{"0":1,"1":1,"2":1,"3":1,"4":1,"5":1,"6":1,"7":1,"8":1,"9":1,"10":1,"11":1,"12":1},"f":{},"b":{},"_coverageSchema":"1a1c01bbd47fc00a2c39e90264f33305004495a9","hash":"b7386d042444f0ca46bdb8b2e5388eea8e4e8a80"}
,"D:\\Documents\\Projects\\propertyApi\\propertyapi\\routes\\properties.js": {"path":"D:\\Documents\\Projects\\propertyApi\\propertyapi\\routes\\properties.js","statementMap":{"0":{"start":{"line":1,"column":16},"end":{"line":1,"column":34}},"1":{"start":{"line":2,"column":15},"end":{"line":2,"column":31}},"2":{"start":{"line":5,"column":19},"end":{"line":72,"column":1}},"3":{"start":{"line":75,"column":0},"end":{"line":77,"column":3}},"4":{"start":{"line":76,"column":1},"end":{"line":76,"column":22}},"5":{"start":{"line":80,"column":0},"end":{"line":98,"column":3}},"6":{"start":{"line":81,"column":25},"end":{"line":83,"column":2}},"7":{"start":{"line":82,"column":16},"end":{"line":82,"column":61}},"8":{"start":{"line":84,"column":1},"end":{"line":86,"column":2}},"9":{"start":{"line":85,"column":2},"end":{"line":85,"column":63}},"10":{"start":{"line":89,"column":2},"end":{"line":90,"column":24}},"11":{"start":{"line":89,"column":35},"end":{"line":89,"column":46}},"12":{"start":{"line":92,"column":1},"end":{"line":96,"column":2}},"13":{"start":{"line":93,"column":2},"end":{"line":93,"column":52}},"14":{"start":{"line":93,"column":29},"end":{"line":93,"column":52}},"15":{"start":{"line":94,"column":2},"end":{"line":94,"column":50}},"16":{"start":{"line":94,"column":28},"end":{"line":94,"column":50}},"17":{"start":{"line":95,"column":2},"end":{"line":95,"column":53}},"18":{"start":{"line":95,"column":28},"end":{"line":95,"column":53}},"19":{"start":{"line":97,"column":1},"end":{"line":97,"column":27}},"20":{"start":{"line":101,"column":0},"end":{"line":120,"column":3}},"21":{"start":{"line":102,"column":18},"end":{"line":102,"column":21}},"22":{"start":{"line":104,"column":21},"end":{"line":115,"column":2}},"23":{"start":{"line":117,"column":1},"end":{"line":117,"column":30}},"24":{"start":{"line":119,"column":1},"end":{"line":119,"column":35}},"25":{"start":{"line":122,"column":0},"end":{"line":122,"column":24}}},"fnMap":{"0":{"name":"(anonymous_0)","decl":{"start":{"line":75,"column":16},"end":{"line":75,"column":17}},"loc":{"start":{"line":75,"column":42},"end":{"line":77,"column":1}},"line":75},"1":{"name":"(anonymous_1)","decl":{"start":{"line":80,"column":23},"end":{"line":80,"column":24}},"loc":{"start":{"line":80,"column":49},"end":{"line":98,"column":1}},"line":80},"2":{"name":"(anonymous_2)","decl":{"start":{"line":82,"column":2},"end":{"line":82,"column":3}},"loc":{"start":{"line":82,"column":16},"end":{"line":82,"column":61}},"line":82},"3":{"name":"(anonymous_3)","decl":{"start":{"line":89,"column":25},"end":{"line":89,"column":26}},"loc":{"start":{"line":89,"column":35},"end":{"line":89,"column":46}},"line":89},"4":{"name":"(anonymous_4)","decl":{"start":{"line":101,"column":17},"end":{"line":101,"column":18}},"loc":{"start":{"line":101,"column":43},"end":{"line":120,"column":1}},"line":101}},"branchMap":{"0":{"loc":{"start":{"line":84,"column":1},"end":{"line":86,"column":2}},"type":"if","locations":[{"start":{"line":84,"column":1},"end":{"line":86,"column":2}},{"start":{"line":84,"column":1},"end":{"line":86,"column":2}}],"line":84},"1":{"loc":{"start":{"line":93,"column":2},"end":{"line":93,"column":52}},"type":"if","locations":[{"start":{"line":93,"column":2},"end":{"line":93,"column":52}},{"start":{"line":93,"column":2},"end":{"line":93,"column":52}}],"line":93},"2":{"loc":{"start":{"line":94,"column":2},"end":{"line":94,"column":50}},"type":"if","locations":[{"start":{"line":94,"column":2},"end":{"line":94,"column":50}},{"start":{"line":94,"column":2},"end":{"line":94,"column":50}}],"line":94},"3":{"loc":{"start":{"line":95,"column":2},"end":{"line":95,"column":53}},"type":"if","locations":[{"start":{"line":95,"column":2},"end":{"line":95,"column":53}},{"start":{"line":95,"column":2},"end":{"line":95,"column":53}}],"line":95}},"s":{"0":1,"1":1,"2":1,"3":1,"4":1,"5":1,"6":3,"7":21,"8":3,"9":1,"10":2,"11":6,"12":2,"13":6,"14":1,"15":6,"16":2,"17":6,"18":3,"19":2,"20":1,"21":1,"22":1,"23":1,"24":1,"25":1},"f":{"0":1,"1":3,"2":21,"3":6,"4":1},"b":{"0":[1,2],"1":[1,5],"2":[2,4],"3":[3,3]},"_coverageSchema":"1a1c01bbd47fc00a2c39e90264f33305004495a9","hash":"c643aec75ab9a4a1dad631ba89aedfac5e1700a0"}
}
