{"D:\\Documents\\Projects\\propertyApi\\propertyapi\\app.js": {"path":"D:\\Documents\\Projects\\propertyApi\\propertyapi\\app.js","statementMap":{"0":{"start":{"line":1,"column":14},"end":{"line":1,"column":32}},"1":{"start":{"line":2,"column":11},"end":{"line":2,"column":26}},"2":{"start":{"line":3,"column":19},"end":{"line":3,"column":43}},"3":{"start":{"line":4,"column":13},"end":{"line":4,"column":30}},"4":{"start":{"line":6,"column":23},"end":{"line":6,"column":53}},"5":{"start":{"line":8,"column":10},"end":{"line":8,"column":19}},"6":{"start":{"line":10,"column":0},"end":{"line":10,"column":23}},"7":{"start":{"line":11,"column":0},"end":{"line":11,"column":24}},"8":{"start":{"line":12,"column":0},"end":{"line":12,"column":49}},"9":{"start":{"line":13,"column":0},"end":{"line":13,"column":24}},"10":{"start":{"line":14,"column":0},"end":{"line":14,"column":56}},"11":{"start":{"line":16,"column":0},"end":{"line":16,"column":41}},"12":{"start":{"line":21,"column":0},"end":{"line":21,"column":21}}},"fnMap":{},"branchMap":{},"s":{"0":1,"1":1,"2":1,"3":1,"4":1,"5":1,"6":1,"7":1,"8":1,"9":1,"10":1,"11":1,"12":1},"f":{},"b":{},"_coverageSchema":"1a1c01bbd47fc00a2c39e90264f33305004495a9","hash":"6198f902828c2786e37ec081c8049b26bdddc3b9"}
,"D:\\Documents\\Projects\\propertyApi\\propertyapi\\routes\\properties.js": {"path":"D:\\Documents\\Projects\\propertyApi\\propertyapi\\routes\\properties.js","statementMap":{"0":{"start":{"line":1,"column":16},"end":{"line":1,"column":34}},"1":{"start":{"line":2,"column":15},"end":{"line":2,"column":31}},"2":{"start":{"line":5,"column":19},"end":{"line":72,"column":1}},"3":{"start":{"line":75,"column":0},"end":{"line":77,"column":3}},"4":{"start":{"line":76,"column":1},"end":{"line":76,"column":22}},"5":{"start":{"line":80,"column":0},"end":{"line":96,"column":3}},"6":{"start":{"line":81,"column":25},"end":{"line":83,"column":2}},"7":{"start":{"line":82,"column":16},"end":{"line":82,"column":61}},"8":{"start":{"line":86,"column":2},"end":{"line":87,"column":24}},"9":{"start":{"line":86,"column":35},"end":{"line":86,"column":46}},"10":{"start":{"line":89,"column":1},"end":{"line":93,"column":2}},"11":{"start":{"line":90,"column":2},"end":{"line":90,"column":52}},"12":{"start":{"line":90,"column":29},"end":{"line":90,"column":52}},"13":{"start":{"line":91,"column":2},"end":{"line":91,"column":50}},"14":{"start":{"line":91,"column":28},"end":{"line":91,"column":50}},"15":{"start":{"line":92,"column":2},"end":{"line":92,"column":53}},"16":{"start":{"line":92,"column":28},"end":{"line":92,"column":53}},"17":{"start":{"line":94,"column":1},"end":{"line":94,"column":30}},"18":{"start":{"line":95,"column":1},"end":{"line":95,"column":27}},"19":{"start":{"line":99,"column":0},"end":{"line":118,"column":3}},"20":{"start":{"line":100,"column":18},"end":{"line":100,"column":21}},"21":{"start":{"line":102,"column":21},"end":{"line":113,"column":2}},"22":{"start":{"line":115,"column":1},"end":{"line":115,"column":30}},"23":{"start":{"line":117,"column":1},"end":{"line":117,"column":35}},"24":{"start":{"line":120,"column":0},"end":{"line":120,"column":24}}},"fnMap":{"0":{"name":"(anonymous_0)","decl":{"start":{"line":75,"column":16},"end":{"line":75,"column":17}},"loc":{"start":{"line":75,"column":42},"end":{"line":77,"column":1}},"line":75},"1":{"name":"(anonymous_1)","decl":{"start":{"line":80,"column":23},"end":{"line":80,"column":24}},"loc":{"start":{"line":80,"column":49},"end":{"line":96,"column":1}},"line":80},"2":{"name":"(anonymous_2)","decl":{"start":{"line":82,"column":2},"end":{"line":82,"column":3}},"loc":{"start":{"line":82,"column":16},"end":{"line":82,"column":61}},"line":82},"3":{"name":"(anonymous_3)","decl":{"start":{"line":86,"column":25},"end":{"line":86,"column":26}},"loc":{"start":{"line":86,"column":35},"end":{"line":86,"column":46}},"line":86},"4":{"name":"(anonymous_4)","decl":{"start":{"line":99,"column":17},"end":{"line":99,"column":18}},"loc":{"start":{"line":99,"column":43},"end":{"line":118,"column":1}},"line":99}},"branchMap":{"0":{"loc":{"start":{"line":90,"column":2},"end":{"line":90,"column":52}},"type":"if","locations":[{"start":{"line":90,"column":2},"end":{"line":90,"column":52}},{"start":{"line":90,"column":2},"end":{"line":90,"column":52}}],"line":90},"1":{"loc":{"start":{"line":91,"column":2},"end":{"line":91,"column":50}},"type":"if","locations":[{"start":{"line":91,"column":2},"end":{"line":91,"column":50}},{"start":{"line":91,"column":2},"end":{"line":91,"column":50}}],"line":91},"2":{"loc":{"start":{"line":92,"column":2},"end":{"line":92,"column":53}},"type":"if","locations":[{"start":{"line":92,"column":2},"end":{"line":92,"column":53}},{"start":{"line":92,"column":2},"end":{"line":92,"column":53}}],"line":92}},"s":{"0":1,"1":1,"2":1,"3":1,"4":1,"5":1,"6":1,"7":7,"8":1,"9":3,"10":1,"11":3,"12":1,"13":3,"14":1,"15":3,"16":1,"17":1,"18":1,"19":1,"20":1,"21":1,"22":1,"23":1,"24":1},"f":{"0":1,"1":1,"2":7,"3":3,"4":1},"b":{"0":[1,2],"1":[1,2],"2":[1,2]},"_coverageSchema":"1a1c01bbd47fc00a2c39e90264f33305004495a9","hash":"5cb3a689e97581ed04e0f92959f3a993c04b4c88"}
}
