TN:
SF:app.js
FNF:0
FNH:0
DA:1,1
DA:2,1
DA:3,1
DA:4,1
DA:6,1
DA:8,1
DA:10,1
DA:11,1
DA:12,1
DA:13,1
DA:14,1
DA:16,1
DA:21,1
LF:13
LH:13
BRF:0
BRH:0
end_of_record
TN:
SF:routes\properties.js
FN:75,(anonymous_0)
FN:80,(anonymous_1)
FN:82,(anonymous_2)
FN:86,(anonymous_3)
FN:99,(anonymous_4)
FNF:5
FNH:5
FNDA:1,(anonymous_0)
FNDA:1,(anonymous_1)
FNDA:7,(anonymous_2)
FNDA:3,(anonymous_3)
FNDA:1,(anonymous_4)
DA:1,1
DA:2,1
DA:5,1
DA:75,1
DA:76,1
DA:80,1
DA:81,1
DA:82,7
DA:86,3
DA:89,1
DA:90,3
DA:91,3
DA:92,3
DA:94,1
DA:95,1
DA:99,1
DA:100,1
DA:102,1
DA:115,1
DA:117,1
DA:120,1
LF:21
LH:21
BRDA:90,0,0,1
BRDA:90,0,1,2
BRDA:91,1,0,1
BRDA:91,1,1,2
BRDA:92,2,0,1
BRDA:92,2,1,2
BRF:6
BRH:6
end_of_record
