TN:
SF:app.js
FNF:0
FNH:0
DA:2,1
DA:3,1
DA:4,1
DA:5,1
DA:7,1
DA:9,1
DA:11,1
DA:12,1
DA:13,1
DA:14,1
DA:15,1
DA:17,1
DA:22,1
LF:13
LH:13
BRF:0
BRH:0
end_of_record
TN:
SF:routes\properties.js
FN:75,(anonymous_0)
FN:80,(anonymous_1)
FN:82,(anonymous_2)
FN:89,(anonymous_3)
FN:101,(anonymous_4)
FNF:5
FNH:5
FNDA:1,(anonymous_0)
FNDA:3,(anonymous_1)
FNDA:21,(anonymous_2)
FNDA:6,(anonymous_3)
FNDA:1,(anonymous_4)
DA:1,1
DA:2,1
DA:5,1
DA:75,1
DA:76,1
DA:80,1
DA:81,3
DA:82,21
DA:84,3
DA:85,1
DA:89,6
DA:92,2
DA:93,6
DA:94,6
DA:95,6
DA:97,2
DA:101,1
DA:102,1
DA:104,1
DA:117,1
DA:119,1
DA:122,1
LF:22
LH:22
BRDA:84,0,0,1
BRDA:84,0,1,2
BRDA:93,1,0,1
BRDA:93,1,1,5
BRDA:94,2,0,2
BRDA:94,2,1,4
BRDA:95,3,0,3
BRDA:95,3,1,3
BRF:8
BRH:8
end_of_record
